<?xml version="1.0" encoding="UTF-8"?>
<!-- Generated by org.testng.reporters.JUnitXMLReporter -->
<testsuite ignored="0" hostname="LAPTOP-G5P51UQ2" failures="0" tests="2" name="AccountPageTest" time="12.234" errors="0" timestamp="2024-11-28T14:20:13 IST">
  <testcase classname="AccountPageTest" name="testAccountPage" time="0.0">
    <skipped/>
  </testcase> <!-- testAccountPage -->
  <testcase classname="AccountPageTest" name="testAccountPageLogoutFun" time="0.0">
    <skipped/>
  </testcase> <!-- testAccountPageLogoutFun -->
</testsuite> <!-- AccountPageTest -->
