<?xml version="1.0" encoding="UTF-8"?>
<!-- Generated by org.testng.reporters.JUnitXMLReporter -->
<testsuite ignored="0" hostname="LAPTOP-G5P51UQ2" failures="0" tests="2" name="SearchPageTest" time="12.628" errors="0" timestamp="2024-11-28T14:20:14 IST">
  <testcase classname="SearchPageTest" name="testSearchFailureFunctionality" time="0.0">
    <skipped/>
  </testcase> <!-- testSearchFailureFunctionality -->
  <testcase classname="SearchPageTest" name="testSearchFunctionality" time="0.0">
    <skipped/>
  </testcase> <!-- testSearchFunctionality -->
</testsuite> <!-- SearchPageTest -->
